<?xml version="1.0" encoding="UTF-8"?>
<!-- Generated by org.testng.reporters.JUnitReportReporter -->
<testsuite hostname="LAPTOP-UDGV8UFR" failures="0" tests="1" name="wallyWax_Functionality.Signup_Page_Actions" time="1.616" errors="0" timestamp="2023-03-19T11:36:48 IST" skipped="0">
  <testcase classname="wallyWax_Functionality.Signup_Page_Actions" name="VerifyTitle" time="1.616"/>
  <system-out/>
</testsuite> <!-- wallyWax_Functionality.Signup_Page_Actions -->
