<?xml version="1.0" encoding="UTF-8"?>
<!-- Generated by org.testng.reporters.JUnitReportReporter -->
<testsuite hostname="LAPTOP-UDGV8UFR" failures="0" tests="1" name="wallyWax_Pages.Signup_Page_Actions" time="4.157" errors="0" timestamp="2023-03-19T10:02:30 IST" skipped="0">
  <testcase classname="wallyWax_Pages.Signup_Page_Actions" name="Title" time="4.157"/>
  <system-out/>
</testsuite> <!-- wallyWax_Pages.Signup_Page_Actions -->
